This is pdfTeX, Version 3.14159265-2.6-1.40.18 (MiKTeX 2.9.6350 64-bit) (preloaded format=pdflatex 2017.9.12)  4 DEC 2017 01:16
entering extended mode
**./report.tex
(report.tex
LaTeX2e <2017-04-15>
Babel <3.10> and hyphenation patterns for 75 language(s) loaded.
(D:\miktex\tex\latex\base\article.cls
Document Class: article 2014/09/29 v1.4h Standard LaTeX document class
(D:\miktex\tex\latex\base\size10.clo
File: size10.clo 2014/09/29 v1.4h Standard LaTeX file (size option)
)
\c@part=\count79
\c@section=\count80
\c@subsection=\count81
\c@subsubsection=\count82
\c@paragraph=\count83
\c@subparagraph=\count84
\c@figure=\count85
\c@table=\count86
\abovecaptionskip=\skip41
\belowcaptionskip=\skip42
\bibindent=\dimen102
) (cvpr.sty (eso-pic.sty
Package: eso-pic 2002/11/16 v1.1b eso-pic (RN)
 (cvpr_eso.sty

LaTeX Warning: You have requested package `eso-pic',
               but the package provides `everyshi'.

Package: everyshi 2001/05/15 v3.00 EveryShipout Package (MS)
) (D:\miktex\tex\latex\graphics\keyval.sty
Package: keyval 2014/10/28 v1.15 key=value parser (DPC)
\KV@toks@=\toks14
))
(D:\miktex\tex\latex\tools\xspace.sty
Package: xspace 2014/10/28 v1.13 Space after command names (DPC,MH)
)
CVPR 8.5 x 11-Inch Proceedings Style `cvpr.sty'.
\@ctmp=\skip43
\@figindent=\skip44
\cvprrulerbox=\box26
\cvprrulercount=\count87
\cvprruleroffset=\dimen103
\cv@lineheight=\dimen104
\cv@boxheight=\dimen105
\cv@tmpbox=\box27
\cv@refno=\count88
\cv@tot=\count89
\cv@tmpc@=\count90
\cv@tmpc=\count91
) (D:\miktex\tex\latex\psnfss\times.sty
Package: times 2005/04/12 PSNFSS-v9.2a (SPQR) 
)
(D:\miktex\tex\latex\graphics\epsfig.sty
Package: epsfig 1999/02/16 v1.7a (e)psfig emulation (SPQR)

(D:\miktex\tex\latex\graphics\graphicx.sty
Package: graphicx 2014/10/28 v1.0g Enhanced LaTeX Graphics (DPC,SPQR)

(D:\miktex\tex\latex\graphics\graphics.sty
Package: graphics 2017/04/14 v1.1b Standard LaTeX Graphics (DPC,SPQR)

(D:\miktex\tex\latex\graphics\trig.sty
Package: trig 2016/01/03 v1.10 sin cos tan (DPC)
)
(D:\miktex\tex\latex\graphics-cfg\graphics.cfg
File: graphics.cfg 2016/06/04 v1.11 sample graphics configuration
)
Package graphics Info: Driver file: pdftex.def on input line 99.

(D:\miktex\tex\latex\graphics-def\pdftex.def
File: pdftex.def 2017/01/12 v0.06k Graphics/color for pdfTeX

(D:\miktex\tex\generic\oberdiek\infwarerr.sty
Package: infwarerr 2016/05/16 v1.4 Providing info/warning/error messages (HO)
)
(D:\miktex\tex\generic\oberdiek\ltxcmds.sty
Package: ltxcmds 2016/05/16 v1.23 LaTeX kernel commands for general use (HO)
)
\Gread@gobject=\count92
))
\Gin@req@height=\dimen106
\Gin@req@width=\dimen107
)
\epsfxsize=\dimen108
\epsfysize=\dimen109
)
(D:\miktex\tex\latex\amsmath\amsmath.sty
Package: amsmath 2016/11/05 v2.16a AMS math features
\@mathmargin=\skip45

For additional information on amsmath, use the `?' option.
(D:\miktex\tex\latex\amsmath\amstext.sty
Package: amstext 2000/06/29 v2.01 AMS text

(D:\miktex\tex\latex\amsmath\amsgen.sty
File: amsgen.sty 1999/11/30 v2.0 generic functions
\@emptytoks=\toks15
\ex@=\dimen110
))
(D:\miktex\tex\latex\amsmath\amsbsy.sty
Package: amsbsy 1999/11/29 v1.2d Bold Symbols
\pmbraise@=\dimen111
)
(D:\miktex\tex\latex\amsmath\amsopn.sty
Package: amsopn 2016/03/08 v2.02 operator names
)
\inf@bad=\count93
LaTeX Info: Redefining \frac on input line 213.
\uproot@=\count94
\leftroot@=\count95
LaTeX Info: Redefining \overline on input line 375.
\classnum@=\count96
\DOTSCASE@=\count97
LaTeX Info: Redefining \ldots on input line 472.
LaTeX Info: Redefining \dots on input line 475.
LaTeX Info: Redefining \cdots on input line 596.
\Mathstrutbox@=\box28
\strutbox@=\box29
\big@size=\dimen112
LaTeX Font Info:    Redeclaring font encoding OML on input line 712.
LaTeX Font Info:    Redeclaring font encoding OMS on input line 713.
\macc@depth=\count98
\c@MaxMatrixCols=\count99
\dotsspace@=\muskip10
\c@parentequation=\count100
\dspbrk@lvl=\count101
\tag@help=\toks16
\row@=\count102
\column@=\count103
\maxfields@=\count104
\andhelp@=\toks17
\eqnshift@=\dimen113
\alignsep@=\dimen114
\tagshift@=\dimen115
\tagwidth@=\dimen116
\totwidth@=\dimen117
\lineht@=\dimen118
\@envbody=\toks18
\multlinegap=\skip46
\multlinetaggap=\skip47
\mathdisplay@stack=\toks19
LaTeX Info: Redefining \[ on input line 2817.
LaTeX Info: Redefining \] on input line 2818.
)
(D:\miktex\tex\latex\amsfonts\amssymb.sty
Package: amssymb 2013/01/14 v3.01 AMS font symbols

(D:\miktex\tex\latex\amsfonts\amsfonts.sty
Package: amsfonts 2013/01/14 v3.01 Basic AMSFonts support
\symAMSa=\mathgroup4
\symAMSb=\mathgroup5
LaTeX Font Info:    Overwriting math alphabet `\mathfrak' in version `bold'
(Font)                  U/euf/m/n --> U/euf/b/n on input line 106.
))
(D:\miktex\tex\latex\hyperref\hyperref.sty
Package: hyperref 2017/03/14 v6.85a Hypertext links for LaTeX

(D:\miktex\tex\generic\oberdiek\hobsub-hyperref.sty
Package: hobsub-hyperref 2016/05/16 v1.14 Bundle oberdiek, subset hyperref (HO)


(D:\miktex\tex\generic\oberdiek\hobsub-generic.sty
Package: hobsub-generic 2016/05/16 v1.14 Bundle oberdiek, subset generic (HO)
Package: hobsub 2016/05/16 v1.14 Construct package bundles (HO)
Package hobsub Info: Skipping package `infwarerr' (already loaded).
Package hobsub Info: Skipping package `ltxcmds' (already loaded).
Package: ifluatex 2016/05/16 v1.4 Provides the ifluatex switch (HO)
Package ifluatex Info: LuaTeX not detected.
Package: ifvtex 2016/05/16 v1.6 Detect VTeX and its facilities (HO)
Package ifvtex Info: VTeX not detected.
Package: intcalc 2016/05/16 v1.2 Expandable calculations with integers (HO)
Package: ifpdf 2017/03/15 v3.2 Provides the ifpdf switch
Package: etexcmds 2016/05/16 v1.6 Avoid name clashes with e-TeX commands (HO)
Package etexcmds Info: Could not find \expanded.
(etexcmds)             That can mean that you are not using pdfTeX 1.50 or
(etexcmds)             that some package has redefined \expanded.
(etexcmds)             In the latter case, load this package earlier.
Package: kvsetkeys 2016/05/16 v1.17 Key value parser (HO)
Package: kvdefinekeys 2016/05/16 v1.4 Define keys (HO)
Package: pdftexcmds 2017/03/19 v0.25 Utility functions of pdfTeX for LuaTeX (HO
)
Package pdftexcmds Info: LuaTeX not detected.
Package pdftexcmds Info: \pdf@primitive is available.
Package pdftexcmds Info: \pdf@ifprimitive is available.
Package pdftexcmds Info: \pdfdraftmode found.
Package: pdfescape 2016/05/16 v1.14 Implements pdfTeX's escape features (HO)
Package: bigintcalc 2016/05/16 v1.4 Expandable calculations on big integers (HO
)
Package: bitset 2016/05/16 v1.2 Handle bit-vector datatype (HO)
Package: uniquecounter 2016/05/16 v1.3 Provide unlimited unique counter (HO)
)
Package hobsub Info: Skipping package `hobsub' (already loaded).
Package: letltxmacro 2016/05/16 v1.5 Let assignment for LaTeX macros (HO)
Package: hopatch 2016/05/16 v1.3 Wrapper for package hooks (HO)
Package: xcolor-patch 2016/05/16 xcolor patch
Package: atveryend 2016/05/16 v1.9 Hooks at the very end of document (HO)
Package atveryend Info: \enddocument detected (standard20110627).
Package: atbegshi 2016/06/09 v1.18 At begin shipout hook (HO)
Package: refcount 2016/05/16 v3.5 Data extraction from label references (HO)
Package: hycolor 2016/05/16 v1.8 Color options for hyperref/bookmark (HO)
)
(D:\miktex\tex\generic\ifxetex\ifxetex.sty
Package: ifxetex 2010/09/12 v0.6 Provides ifxetex conditional
)
(D:\miktex\tex\latex\oberdiek\auxhook.sty
Package: auxhook 2016/05/16 v1.4 Hooks for auxiliary files (HO)
)
(D:\miktex\tex\latex\oberdiek\kvoptions.sty
Package: kvoptions 2016/05/16 v3.12 Key value format for package options (HO)
)
\@linkdim=\dimen119
\Hy@linkcounter=\count105
\Hy@pagecounter=\count106

(D:\miktex\tex\latex\hyperref\pd1enc.def
File: pd1enc.def 2017/03/14 v6.85a Hyperref: PDFDocEncoding definition (HO)
)
\Hy@SavedSpaceFactor=\count107

(D:\miktex\tex\latex\00miktex\hyperref.cfg
File: hyperref.cfg 2002/06/06 v1.2 hyperref configuration of TeXLive
)
Package hyperref Info: Option `breaklinks' set `true' on input line 4374.
Package hyperref Info: Option `bookmarks' set `false' on input line 4374.
Package hyperref Info: Hyper figures OFF on input line 4498.
Package hyperref Info: Link nesting OFF on input line 4503.
Package hyperref Info: Hyper index ON on input line 4506.
Package hyperref Info: Plain pages OFF on input line 4513.
Package hyperref Info: Backreferencing OFF on input line 4518.
Package hyperref Info: Implicit mode ON; LaTeX internals redefined.
Package hyperref Info: Bookmarks OFF on input line 4757.
\c@Hy@tempcnt=\count108
 (D:\miktex\tex\latex\url\url.sty
\Urlmuskip=\muskip11
Package: url 2013/09/16  ver 3.4  Verb mode for urls, etc.
)
LaTeX Info: Redefining \url on input line 5104.
\XeTeXLinkMargin=\dimen120
\Fld@menulength=\count109
\Field@Width=\dimen121
\Fld@charsize=\dimen122
Package hyperref Info: Hyper figures OFF on input line 6358.
Package hyperref Info: Link nesting OFF on input line 6363.
Package hyperref Info: Hyper index ON on input line 6366.
Package hyperref Info: backreferencing OFF on input line 6373.
Package hyperref Info: Link coloring OFF on input line 6378.
Package hyperref Info: Link coloring with OCG OFF on input line 6383.
Package hyperref Info: PDF/A mode OFF on input line 6388.
LaTeX Info: Redefining \ref on input line 6428.
LaTeX Info: Redefining \pageref on input line 6432.
\Hy@abspage=\count110
\c@Item=\count111
\c@Hfootnote=\count112
)

Package hyperref Message: Driver (autodetected): hpdftex.

(D:\miktex\tex\latex\hyperref\hpdftex.def
File: hpdftex.def 2017/03/14 v6.85a Hyperref driver for pdfTeX
\Fld@listcount=\count113
\c@bookmark@seq@number=\count114

(D:\miktex\tex\latex\oberdiek\rerunfilecheck.sty
Package: rerunfilecheck 2016/05/16 v1.8 Rerun checks for auxiliary files (HO)
Package uniquecounter Info: New unique counter `rerunfilecheck' on input line 2
82.
)
\Hy@SectionHShift=\skip48
) (report.aux)
\openout1 = `report.aux'.

LaTeX Font Info:    Checking defaults for OML/cmm/m/it on input line 25.
LaTeX Font Info:    ... okay on input line 25.
LaTeX Font Info:    Checking defaults for T1/cmr/m/n on input line 25.
LaTeX Font Info:    ... okay on input line 25.
LaTeX Font Info:    Checking defaults for OT1/cmr/m/n on input line 25.
LaTeX Font Info:    ... okay on input line 25.
LaTeX Font Info:    Checking defaults for OMS/cmsy/m/n on input line 25.
LaTeX Font Info:    ... okay on input line 25.
LaTeX Font Info:    Checking defaults for OMX/cmex/m/n on input line 25.
LaTeX Font Info:    ... okay on input line 25.
LaTeX Font Info:    Checking defaults for U/cmr/m/n on input line 25.
LaTeX Font Info:    ... okay on input line 25.
LaTeX Font Info:    Checking defaults for PD1/pdf/m/n on input line 25.
LaTeX Font Info:    ... okay on input line 25.
LaTeX Font Info:    Try loading font information for OT1+ptm on input line 25.

(D:\miktex\tex\latex\psnfss\ot1ptm.fd
File: ot1ptm.fd 2001/06/04 font definitions for OT1/ptm.
) ABD: EveryShipout initializing macros
(D:\miktex\tex\latex\graphics\color.sty
Package: color 2016/07/10 v1.1e Standard LaTeX Color (DPC)

(D:\miktex\tex\latex\graphics-cfg\color.cfg
File: color.cfg 2016/01/02 v1.6 sample color configuration
)
Package color Info: Driver file: pdftex.def on input line 147.
)
(D:\miktex\tex\context\base\supp-pdf.mkii
[Loading MPS to PDF converter (version 2006.09.02).]
\scratchcounter=\count115
\scratchdimen=\dimen123
\scratchbox=\box30
\nofMPsegments=\count116
\nofMParguments=\count117
\everyMPshowfont=\toks20
\MPscratchCnt=\count118
\MPscratchDim=\dimen124
\MPnumerator=\count119
\makeMPintoPDFobject=\count120
\everyMPtoPDFconversion=\toks21
) (D:\miktex\tex\latex\oberdiek\epstopdf-base.sty
Package: epstopdf-base 2016/05/15 v2.6 Base part for package epstopdf

(D:\miktex\tex\latex\oberdiek\grfext.sty
Package: grfext 2016/05/16 v1.2 Manage graphics extensions (HO)
)
Package epstopdf-base Info: Redefining graphics rule for `.eps' on input line 4
38.
Package grfext Info: Graphics extension search list:
(grfext)             [.png,.pdf,.jpg,.mps,.jpeg,.jbig2,.jb2,.PNG,.PDF,.JPG,.JPE
G,.JBIG2,.JB2,.eps]
(grfext)             \AppendGraphicsExtensions on input line 456.
)
\AtBeginShipoutBox=\box31
Package atbegshi Info: Package `everyshi' patched.
Package hyperref Info: Link coloring OFF on input line 25.

(D:\miktex\tex\latex\hyperref\nameref.sty
Package: nameref 2016/05/21 v2.44 Cross-referencing by name of section

(D:\miktex\tex\generic\oberdiek\gettitlestring.sty
Package: gettitlestring 2016/05/16 v1.5 Cleanup title references (HO)
)
\c@section@level=\count121
)
LaTeX Info: Redefining \ref on input line 25.
LaTeX Info: Redefining \pageref on input line 25.
LaTeX Info: Redefining \nameref on input line 25.
LaTeX Font Info:    Font shape `OT1/ptm/bx/n' in size <14.4> not available
(Font)              Font shape `OT1/ptm/b/n' tried instead on input line 48.
LaTeX Font Info:    Try loading font information for U+msa on input line 48.

(D:\miktex\tex\latex\amsfonts\umsa.fd
File: umsa.fd 2013/01/14 v3.01 AMS symbols A
)
LaTeX Font Info:    Try loading font information for U+msb on input line 48.
 (D:\miktex\tex\latex\amsfonts\umsb.fd
File: umsb.fd 2013/01/14 v3.01 AMS symbols B
)
LaTeX Font Info:    Try loading font information for OT1+pcr on input line 48.

(D:\miktex\tex\latex\psnfss\ot1pcr.fd
File: ot1pcr.fd 2001/06/04 font definitions for OT1/pcr.
)
LaTeX Font Info:    Font shape `OT1/ptm/bx/n' in size <12> not available
(Font)              Font shape `OT1/ptm/b/n' tried instead on input line 50.
Missing character: There is no â in font ptmri7t!
Missing character: There is no € in font ptmri7t!
Missing character: There is no ™ in font ptmri7t!

<zurich_example.png, id=3, 2055.68pt x 1027.84pt>
File: zurich_example.png Graphic file (type png)
 <use zurich_example.png>
Package pdftex.def Info: zurich_example.png used on input line 64.
(pdftex.def)             Requested size: 198.73946pt x 99.35532pt.

<zurich_example_seg.png, id=4, 2055.68pt x 1027.84pt>
File: zurich_example_seg.png Graphic file (type png)

<use zurich_example_seg.png>
Package pdftex.def Info: zurich_example_seg.png used on input line 65.
(pdftex.def)             Requested size: 198.73946pt x 99.35532pt.
 [1{C:/ProgramData/MiKTeX/2.9/pdftex/config/pdftex.map}


 <./zurich_example.png> <./zurich_example_seg.png>]
<model.png, id=28, 529.98pt x 266.49562pt>
File: model.png Graphic file (type png)
 <use model.png>
Package pdftex.def Info: model.png used on input line 85.
(pdftex.def)             Requested size: 198.73946pt x 99.93561pt.

Underfull \hbox (badness 10000) in paragraph at lines 110--111
[]\OT1/ptm/m/n/10 Aachen(174) Bochum(96)
 []


Underfull \hbox (badness 10000) in paragraph at lines 110--111
\OT1/ptm/m/n/10 Bre-men(316) Cologne(154)
 []


Underfull \hbox (badness 2735) in paragraph at lines 110--111
\OT1/ptm/m/n/10 Darm-stadt(85) Dus-sel-dorf(221)
 []


Underfull \hbox (badness 10000) in paragraph at lines 110--111
\OT1/ptm/m/n/10 Er-furt(109) Frank-furt(267)
 []


Underfull \hbox (badness 10000) in paragraph at lines 110--111
\OT1/ptm/m/n/10 Ham-burg(248) Hnaover(196)
 []


Underfull \hbox (badness 10000) in paragraph at lines 110--111
\OT1/ptm/m/n/10 Jena(119) Krefeld(99) Lin-
 []


Underfull \hbox (badness 10000) in paragraph at lines 110--111
\OT1/ptm/m/n/10 dau(59) Monchenglad-bach(94)
 []


Underfull \hbox (badness 10000) in paragraph at lines 110--111
\OT1/ptm/m/n/10 Mun-ster(174) Stuttgart(196)
 []


Underfull \hbox (badness 10000) in paragraph at lines 110--111
\OT1/ptm/m/n/10 Tub-in-gen(144) Ulm(95)
 []


LaTeX Warning: `h' float specifier changed to `ht'.

[2 <./model.png>] <frankfurt.png, id=53, 2055.68pt x 1027.84pt>
File: frankfurt.png Graphic file (type png)

<use frankfurt.png>
Package pdftex.def Info: frankfurt.png used on input line 136.
(pdftex.def)             Requested size: 114.27481pt x 57.13518pt.
 <frankfurt_gt.png, id=54, 192.72pt x 96.36pt>
File: frankfurt_gt.png Graphic file (type png)

<use frankfurt_gt.png>
Package pdftex.def Info: frankfurt_gt.png used on input line 137.
(pdftex.def)             Requested size: 114.27481pt x 57.13713pt.
 <curve_all.png, id=55, 420.97275pt x 258.36525pt>
File: curve_all.png Graphic file (type png)

<use curve_all.png>
Package pdftex.def Info: curve_all.png used on input line 138.
(pdftex.def)             Requested size: 114.27481pt x 70.13406pt.
 <frankfurt_seg.png, id=56, 256.96pt x 128.48pt>
File: frankfurt_seg.png Graphic file (type png)

<use frankfurt_seg.png>
Package pdftex.def Info: frankfurt_seg.png used on input line 139.
(pdftex.def)             Requested size: 114.27481pt x 57.13715pt.


LaTeX Warning: `h' float specifier changed to `ht'.

<strasbourg.png, id=57, 2055.68pt x 1027.84pt>
File: strasbourg.png Graphic file (type png)
 <use strasbourg.png>
Package pdftex.def Info: strasbourg.png used on input line 146.
(pdftex.def)             Requested size: 114.27481pt x 57.13518pt.

<strasbourg_gt.png, id=58, 154.176pt x 77.088pt>
File: strasbourg_gt.png Graphic file (type png)
 <use strasbourg_gt.png>
Package pdftex.def Info: strasbourg_gt.png used on input line 147.
(pdftex.def)             Requested size: 114.27481pt x 57.1383pt.

<curve_without_strasbourg.png, id=59, 421.575pt x 256.5585pt>
File: curve_without_strasbourg.png Graphic file (type png)

<use curve_without_strasbourg.png>
Package pdftex.def Info: curve_without_strasbourg.png used on input line 148.
(pdftex.def)             Requested size: 114.27481pt x 69.54184pt.

<strasbourg_seg.png, id=60, 256.96pt x 128.48pt>
File: strasbourg_seg.png Graphic file (type png)
 <use strasbourg_seg.png>
Package pdftex.def Info: strasbourg_seg.png used on input line 149.
(pdftex.def)             Requested size: 114.27481pt x 57.13715pt.


LaTeX Warning: `h' float specifier changed to `ht'.

<zurich.png, id=61, 2055.68pt x 1027.84pt>
File: zurich.png Graphic file (type png)
 <use zurich.png>
Package pdftex.def Info: zurich.png used on input line 156.
(pdftex.def)             Requested size: 114.27481pt x 57.13518pt.

<zurich_gt.png, id=62, 154.176pt x 77.088pt>
File: zurich_gt.png Graphic file (type png)
 <use zurich_gt.png>
Package pdftex.def Info: zurich_gt.png used on input line 157.
(pdftex.def)             Requested size: 114.27481pt x 57.1383pt.

<curve_without_zurich.png, id=63, 420.97275pt x 257.16075pt>
File: curve_without_zurich.png Graphic file (type png)

<use curve_without_zurich.png>
Package pdftex.def Info: curve_without_zurich.png used on input line 158.
(pdftex.def)             Requested size: 114.27481pt x 69.8071pt.
 <zurich_seg.png, id=64, 256.96pt x 128.48pt>
File: zurich_seg.png Graphic file (type png)

<use zurich_seg.png>
Package pdftex.def Info: zurich_seg.png used on input line 159.
(pdftex.def)             Requested size: 114.27481pt x 57.13715pt.


LaTeX Warning: `h' float specifier changed to `ht'.


LaTeX Warning: `h' float specifier changed to `ht'.

[3 <./frankfurt.png> <./frankfurt_gt.png> <./curve_all.png> <./frankfurt_seg.pn
g (PNG copy)> <./strasbourg.png> <./strasbourg_gt.png> <./curve_without_strasbo
urg.png> <./strasbourg_seg.png (PNG copy)> <./zurich.png> <./zurich_gt.png> <./
curve_without_zurich.png> <./zurich_seg.png (PNG copy)>]
<bad_case.png, id=85, 2055.68pt x 1027.84pt>
File: bad_case.png Graphic file (type png)
 <use bad_case.png>
Package pdftex.def Info: bad_case.png used on input line 198.
(pdftex.def)             Requested size: 173.90271pt x 86.94963pt.

<bad_case_gt.png, id=86, 308.352pt x 154.176pt>
File: bad_case_gt.png Graphic file (type png)
 <use bad_case_gt.png>
Package pdftex.def Info: bad_case_gt.png used on input line 199.
(pdftex.def)             Requested size: 173.90271pt x 86.95197pt.

<bad_case_seg.png, id=87, 513.92pt x 256.96pt>
File: bad_case_seg.png Graphic file (type png)
 <use bad_case_seg.png>
Package pdftex.def Info: bad_case_seg.png used on input line 200.
(pdftex.def)             Requested size: 173.90271pt x 86.94962pt.


LaTeX Warning: `h' float specifier changed to `ht'.

(report.bbl
Underfull \hbox (badness 1845) in paragraph at lines 36--39
[]\OT1/ptm/m/n/9 K. Si-monyan and A. Zis-ser-man.  Very deep con-vo-lu-
 []

)
Package atveryend Info: Empty hook `BeforeClearDocument' on input line 213.
 [4 <./bad_case.png> <./bad_case_gt.png> <./bad_case_seg.png (PNG copy)>]
Package atveryend Info: Empty hook `AfterLastShipout' on input line 213.

(report.aux)
Package atveryend Info: Executing hook `AtVeryEndDocument' on input line 213.
Package atveryend Info: Empty hook `AtEndAfterFileList' on input line 213.
Package atveryend Info: Empty hook `AtVeryVeryEnd' on input line 213.
 ) 
Here is how much of TeX's memory you used:
 6426 strings out of 493323
 90414 string characters out of 3146841
 185699 words of memory out of 3000000
 9819 multiletter control sequences out of 15000+200000
 26447 words of font info for 67 fonts, out of 3000000 for 9000
 1141 hyphenation exceptions out of 8191
 34i,10n,26p,886b,324s stack positions out of 5000i,500n,10000p,200000b,50000s
{D:/miktex/fonts/enc/dvips/base/8r.enc}<D:/miktex/fonts/type1/public/amsfonts
/cm/cmex10.pfb><D:/miktex/fonts/type1/public/amsfonts/cm/cmmi10.pfb><D:/miktex/
fonts/type1/public/amsfonts/cm/cmmi7.pfb><D:/miktex/fonts/type1/public/amsfonts
/cm/cmr10.pfb><D:/miktex/fonts/type1/public/amsfonts/cm/cmr7.pfb><D:/miktex/fon
ts/type1/public/amsfonts/cm/cmsy10.pfb><D:/miktex/fonts/type1/public/amsfonts/c
m/cmsy7.pfb><D:/miktex/fonts/type1/public/amsfonts/cm/cmsy9.pfb><D:/miktex/font
s/type1/urw/courier/ucrr8a.pfb><D:/miktex/fonts/type1/urw/times/utmb8a.pfb><D:/
miktex/fonts/type1/urw/times/utmr8a.pfb><D:/miktex/fonts/type1/urw/times/utmri8
a.pfb>
Output written on report.pdf (4 pages, 19445669 bytes).
PDF statistics:
 145 PDF objects out of 1000 (max. 8388607)
 34 named destinations out of 1000 (max. 500000)
 91 words of extra memory for PDF output out of 10000 (max. 10000000)

